<?xml version="1.0" encoding="UTF-8"?>
<testsuite name="ExamTest" tests="28" skipped="0" failures="0" errors="0" timestamp="2023-02-25T08:44:15" hostname="Macs-MacBook-Pro.local" time="15.094">
  <properties/>
  <testcase name="Latihan 1" classname="ExamTest" time="0.013"/>
  <testcase name="Latihan 1" classname="ExamTest" time="0.0"/>
  <testcase name="Latihan 1" classname="ExamTest" time="0.001"/>
  <testcase name="Latihan 1" classname="ExamTest" time="0.0"/>
  <testcase name="Latihan 1" classname="ExamTest" time="0.001"/>
  <testcase name="Latihan 1" classname="ExamTest" time="0.001"/>
  <testcase name="Latihan 1" classname="ExamTest" time="0.0"/>
  <testcase name="Latihan 1" classname="ExamTest" time="0.001"/>
  <testcase name="Latihan 1" classname="ExamTest" time="0.0"/>
  <testcase name="Latihan 1" classname="ExamTest" time="0.001"/>
  <testcase name="Latihan 2" classname="ExamTest" time="0.002"/>
  <testcase name="Latihan 2" classname="ExamTest" time="0.001"/>
  <testcase name="Latihan 2" classname="ExamTest" time="0.0"/>
  <testcase name="Latihan 3" classname="ExamTest" time="0.001"/>
  <testcase name="Latihan 3" classname="ExamTest" time="0.001"/>
  <testcase name="Latihan 3" classname="ExamTest" time="0.001"/>
  <testcase name="Latihan 3" classname="ExamTest" time="0.001"/>
  <testcase name="Latihan 3" classname="ExamTest" time="0.001"/>
  <testcase name="Latihan 4" classname="ExamTest" time="0.001"/>
  <testcase name="Latihan 4" classname="ExamTest" time="0.001"/>
  <testcase name="Latihan 4" classname="ExamTest" time="0.001"/>
  <testcase name="Latihan 4" classname="ExamTest" time="0.001"/>
  <testcase name="Latihan 5" classname="ExamTest" time="3.006"/>
  <testcase name="Latihan 5" classname="ExamTest" time="3.007"/>
  <testcase name="Latihan 5" classname="ExamTest" time="3.008"/>
  <testcase name="Latihan 5" classname="ExamTest" time="2.006"/>
  <testcase name="Latihan 5" classname="ExamTest" time="2.007"/>
  <testcase name="Latihan 5" classname="ExamTest" time="2.007"/>
  <system-out><![CDATA[]]></system-out>
  <system-err><![CDATA[]]></system-err>
</testsuite>
